{
  "C:\\Users\\luizp\\Desktop\\Loja-De-Bolos-Sabor-Brasileiro\\src\\styles\\themes\\light.ts": {
    "path": "C:\\Users\\luizp\\Desktop\\Loja-De-Bolos-Sabor-Brasileiro\\src\\styles\\themes\\light.ts",
    "statementMap": {
      "0": {
        "start": {
          "line": 1,
          "column": 14
        },
        "end": {
          "line": 63,
          "column": 1
        }
      }
    },
    "fnMap": {},
    "branchMap": {},
    "s": {
      "0": 39
    },
    "f": {},
    "b": {},
    "_coverageSchema": "1a1c01bbd47fc00a2c39e90264f33305004495a9",
    "hash": "25fd0e9320f19c1cf1c071952be8a6272fa1e713"
  },
  "C:\\Users\\luizp\\Desktop\\Loja-De-Bolos-Sabor-Brasileiro\\src\\styles\\themes\\material-ui.ts": {
    "path": "C:\\Users\\luizp\\Desktop\\Loja-De-Bolos-Sabor-Brasileiro\\src\\styles\\themes\\material-ui.ts",
    "statementMap": {
      "0": {
        "start": {
          "line": 3,
          "column": 20
        },
        "end": {
          "line": 54,
          "column": 2
        }
      }
    },
    "fnMap": {},
    "branchMap": {},
    "s": {
      "0": 39
    },
    "f": {},
    "b": {},
    "_coverageSchema": "1a1c01bbd47fc00a2c39e90264f33305004495a9",
    "hash": "eaa6d28c719041199227bc2329de9f867b1cc704"
  },
  "C:\\Users\\luizp\\Desktop\\Loja-De-Bolos-Sabor-Brasileiro\\src\\styles\\themes\\chakra-ui.ts": {
    "path": "C:\\Users\\luizp\\Desktop\\Loja-De-Bolos-Sabor-Brasileiro\\src\\styles\\themes\\chakra-ui.ts",
    "statementMap": {
      "0": {
        "start": {
          "line": 3,
          "column": 20
        },
        "end": {
          "line": 196,
          "column": 2
        }
      }
    },
    "fnMap": {},
    "branchMap": {},
    "s": {
      "0": 39
    },
    "f": {},
    "b": {},
    "_coverageSchema": "1a1c01bbd47fc00a2c39e90264f33305004495a9",
    "hash": "f20379598940e9d7721d616a47def799c604a895"
  },
  "C:\\Users\\luizp\\Desktop\\Loja-De-Bolos-Sabor-Brasileiro\\src\\contexts\\theme\\provider.tsx": {
    "path": "C:\\Users\\luizp\\Desktop\\Loja-De-Bolos-Sabor-Brasileiro\\src\\contexts\\theme\\provider.tsx",
    "statementMap": {
      "0": {
        "start": {
          "line": 16,
          "column": 32
        },
        "end": {
          "line": 35,
          "column": 1
        }
      },
      "1": {
        "start": {
          "line": 17,
          "column": 4
        },
        "end": {
          "line": 34,
          "column": 5
        }
      }
    },
    "fnMap": {
      "0": {
        "name": "(anonymous_0)",
        "decl": {
          "start": {
            "line": 16,
            "column": 32
          },
          "end": {
            "line": 16,
            "column": 33
          }
        },
        "loc": {
          "start": {
            "line": 16,
            "column": 50
          },
          "end": {
            "line": 35,
            "column": 1
          }
        },
        "line": 16
      }
    },
    "branchMap": {},
    "s": {
      "0": 39,
      "1": 82
    },
    "f": {
      "0": 82
    },
    "b": {},
    "_coverageSchema": "1a1c01bbd47fc00a2c39e90264f33305004495a9",
    "hash": "48553fbdac6d10daab1958357bf7a995dc1afb15"
  },
  "C:\\Users\\luizp\\Desktop\\Loja-De-Bolos-Sabor-Brasileiro\\src\\styles\\global.tsx": {
    "path": "C:\\Users\\luizp\\Desktop\\Loja-De-Bolos-Sabor-Brasileiro\\src\\styles\\global.tsx",
    "statementMap": {
      "0": {
        "start": {
          "line": 5,
          "column": 21
        },
        "end": {
          "line": 39,
          "column": 1
        }
      },
      "1": {
        "start": {
          "line": 16,
          "column": 55
        },
        "end": {
          "line": 16,
          "column": 64
        }
      },
      "2": {
        "start": {
          "line": 18,
          "column": 12
        },
        "end": {
          "line": 18,
          "column": 23
        }
      },
      "3": {
        "start": {
          "line": 19,
          "column": 44
        },
        "end": {
          "line": 19,
          "column": 60
        }
      },
      "4": {
        "start": {
          "line": 41,
          "column": 31
        },
        "end": {
          "line": 48,
          "column": 1
        }
      },
      "5": {
        "start": {
          "line": 42,
          "column": 4
        },
        "end": {
          "line": 47,
          "column": 5
        }
      }
    },
    "fnMap": {
      "0": {
        "name": "(anonymous_0)",
        "decl": {
          "start": {
            "line": 16,
            "column": 28
          },
          "end": {
            "line": 16,
            "column": 29
          }
        },
        "loc": {
          "start": {
            "line": 16,
            "column": 55
          },
          "end": {
            "line": 16,
            "column": 64
          }
        },
        "line": 16
      },
      "1": {
        "name": "(anonymous_1)",
        "decl": {
          "start": {
            "line": 17,
            "column": 20
          },
          "end": {
            "line": 17,
            "column": 21
          }
        },
        "loc": {
          "start": {
            "line": 18,
            "column": 12
          },
          "end": {
            "line": 18,
            "column": 23
          }
        },
        "line": 18
      },
      "2": {
        "name": "(anonymous_2)",
        "decl": {
          "start": {
            "line": 19,
            "column": 17
          },
          "end": {
            "line": 19,
            "column": 18
          }
        },
        "loc": {
          "start": {
            "line": 19,
            "column": 44
          },
          "end": {
            "line": 19,
            "column": 60
          }
        },
        "line": 19
      },
      "3": {
        "name": "(anonymous_3)",
        "decl": {
          "start": {
            "line": 41,
            "column": 31
          },
          "end": {
            "line": 41,
            "column": 32
          }
        },
        "loc": {
          "start": {
            "line": 41,
            "column": 37
          },
          "end": {
            "line": 48,
            "column": 1
          }
        },
        "line": 41
      }
    },
    "branchMap": {},
    "s": {
      "0": 39,
      "1": 39,
      "2": 39,
      "3": 39,
      "4": 39,
      "5": 82
    },
    "f": {
      "0": 39,
      "1": 39,
      "2": 39,
      "3": 82
    },
    "b": {},
    "_coverageSchema": "1a1c01bbd47fc00a2c39e90264f33305004495a9",
    "hash": "7af410a439c0f02fb8829ee5e7d75bffb5d3e00c"
  },
  "C:\\Users\\luizp\\Desktop\\Loja-De-Bolos-Sabor-Brasileiro\\src\\contexts\\cart\\context.ts": {
    "path": "C:\\Users\\luizp\\Desktop\\Loja-De-Bolos-Sabor-Brasileiro\\src\\contexts\\cart\\context.ts",
    "statementMap": {
      "0": {
        "start": {
          "line": 35,
          "column": 20
        },
        "end": {
          "line": 35,
          "column": 57
        }
      }
    },
    "fnMap": {},
    "branchMap": {},
    "s": {
      "0": 39
    },
    "f": {},
    "b": {},
    "_coverageSchema": "1a1c01bbd47fc00a2c39e90264f33305004495a9",
    "hash": "be88fa70db64142d274a2bab07e32d0068773e2e"
  },
  "C:\\Users\\luizp\\Desktop\\Loja-De-Bolos-Sabor-Brasileiro\\src\\hooks\\usePersistedState.ts": {
    "path": "C:\\Users\\luizp\\Desktop\\Loja-De-Bolos-Sabor-Brasileiro\\src\\hooks\\usePersistedState.ts",
    "statementMap": {
      "0": {
        "start": {
          "line": 9,
          "column": 21
        },
        "end": {
          "line": 9,
          "column": 46
        }
      },
      "1": {
        "start": {
          "line": 10,
          "column": 30
        },
        "end": {
          "line": 10,
          "column": 52
        }
      },
      "2": {
        "start": {
          "line": 12,
          "column": 4
        },
        "end": {
          "line": 12,
          "column": 28
        }
      }
    },
    "fnMap": {
      "0": {
        "name": "usePersistedState",
        "decl": {
          "start": {
            "line": 5,
            "column": 24
          },
          "end": {
            "line": 5,
            "column": 41
          }
        },
        "loc": {
          "start": {
            "line": 8,
            "column": 15
          },
          "end": {
            "line": 13,
            "column": 1
          }
        },
        "line": 8
      }
    },
    "branchMap": {},
    "s": {
      "0": 209,
      "1": 209,
      "2": 209
    },
    "f": {
      "0": 209
    },
    "b": {},
    "_coverageSchema": "1a1c01bbd47fc00a2c39e90264f33305004495a9",
    "hash": "48fdf088cb5ce4fac2322837c996cf0990348681"
  },
  "C:\\Users\\luizp\\Desktop\\Loja-De-Bolos-Sabor-Brasileiro\\src\\services\\api.ts": {
    "path": "C:\\Users\\luizp\\Desktop\\Loja-De-Bolos-Sabor-Brasileiro\\src\\services\\api.ts",
    "statementMap": {},
    "fnMap": {},
    "branchMap": {
      "0": {
        "loc": {
          "start": {
            "line": 4,
            "column": 13
          },
          "end": {
            "line": 4,
            "column": 59
          }
        },
        "type": "binary-expr",
        "locations": [
          {
            "start": {
              "line": 4,
              "column": 13
            },
            "end": {
              "line": 4,
              "column": 32
            }
          },
          {
            "start": {
              "line": 4,
              "column": 36
            },
            "end": {
              "line": 4,
              "column": 59
            }
          }
        ],
        "line": 4
      }
    },
    "s": {},
    "f": {},
    "b": {
      "0": [
        39,
        39
      ]
    },
    "_coverageSchema": "1a1c01bbd47fc00a2c39e90264f33305004495a9",
    "hash": "6a1aa890b51dd797a374ea5e6b80679531f49bf1"
  },
  "C:\\Users\\luizp\\Desktop\\Loja-De-Bolos-Sabor-Brasileiro\\src\\utils\\formatCakes.ts": {
    "path": "C:\\Users\\luizp\\Desktop\\Loja-De-Bolos-Sabor-Brasileiro\\src\\utils\\formatCakes.ts",
    "statementMap": {
      "0": {
        "start": {
          "line": 72,
          "column": 21
        },
        "end": {
          "line": 72,
          "column": 23
        }
      },
      "1": {
        "start": {
          "line": 73,
          "column": 4
        },
        "end": {
          "line": 77,
          "column": 5
        }
      },
      "2": {
        "start": {
          "line": 74,
          "column": 8
        },
        "end": {
          "line": 76,
          "column": 9
        }
      },
      "3": {
        "start": {
          "line": 74,
          "column": 21
        },
        "end": {
          "line": 74,
          "column": 22
        }
      },
      "4": {
        "start": {
          "line": 75,
          "column": 12
        },
        "end": {
          "line": 75,
          "column": 56
        }
      },
      "5": {
        "start": {
          "line": 78,
          "column": 4
        },
        "end": {
          "line": 82,
          "column": 5
        }
      },
      "6": {
        "start": {
          "line": 79,
          "column": 8
        },
        "end": {
          "line": 81,
          "column": 9
        }
      },
      "7": {
        "start": {
          "line": 79,
          "column": 21
        },
        "end": {
          "line": 79,
          "column": 36
        }
      },
      "8": {
        "start": {
          "line": 80,
          "column": 12
        },
        "end": {
          "line": 80,
          "column": 58
        }
      },
      "9": {
        "start": {
          "line": 84,
          "column": 4
        },
        "end": {
          "line": 84,
          "column": 56
        }
      },
      "10": {
        "start": {
          "line": 88,
          "column": 20
        },
        "end": {
          "line": 91,
          "column": 6
        }
      },
      "11": {
        "start": {
          "line": 89,
          "column": 26
        },
        "end": {
          "line": 89,
          "column": 51
        }
      },
      "12": {
        "start": {
          "line": 90,
          "column": 8
        },
        "end": {
          "line": 90,
          "column": 35
        }
      },
      "13": {
        "start": {
          "line": 92,
          "column": 22
        },
        "end": {
          "line": 92,
          "column": 23
        }
      },
      "14": {
        "start": {
          "line": 93,
          "column": 4
        },
        "end": {
          "line": 93,
          "column": 67
        }
      },
      "15": {
        "start": {
          "line": 93,
          "column": 31
        },
        "end": {
          "line": 93,
          "column": 65
        }
      },
      "16": {
        "start": {
          "line": 95,
          "column": 23
        },
        "end": {
          "line": 95,
          "column": 24
        }
      },
      "17": {
        "start": {
          "line": 96,
          "column": 4
        },
        "end": {
          "line": 98,
          "column": 5
        }
      },
      "18": {
        "start": {
          "line": 97,
          "column": 8
        },
        "end": {
          "line": 97,
          "column": 51
        }
      },
      "19": {
        "start": {
          "line": 100,
          "column": 22
        },
        "end": {
          "line": 100,
          "column": 47
        }
      },
      "20": {
        "start": {
          "line": 102,
          "column": 4
        },
        "end": {
          "line": 102,
          "column": 52
        }
      },
      "21": {
        "start": {
          "line": 106,
          "column": 4
        },
        "end": {
          "line": 109,
          "column": 6
        }
      },
      "22": {
        "start": {
          "line": 107,
          "column": 30
        },
        "end": {
          "line": 107,
          "column": 46
        }
      },
      "23": {
        "start": {
          "line": 108,
          "column": 8
        },
        "end": {
          "line": 108,
          "column": 35
        }
      }
    },
    "fnMap": {
      "0": {
        "name": "formatStars",
        "decl": {
          "start": {
            "line": 71,
            "column": 9
          },
          "end": {
            "line": 71,
            "column": 20
          }
        },
        "loc": {
          "start": {
            "line": 71,
            "column": 53
          },
          "end": {
            "line": 85,
            "column": 1
          }
        },
        "line": 71
      },
      "1": {
        "name": "formatCake",
        "decl": {
          "start": {
            "line": 87,
            "column": 9
          },
          "end": {
            "line": 87,
            "column": 19
          }
        },
        "loc": {
          "start": {
            "line": 87,
            "column": 45
          },
          "end": {
            "line": 103,
            "column": 1
          }
        },
        "line": 87
      },
      "2": {
        "name": "(anonymous_2)",
        "decl": {
          "start": {
            "line": 88,
            "column": 37
          },
          "end": {
            "line": 88,
            "column": 38
          }
        },
        "loc": {
          "start": {
            "line": 88,
            "column": 47
          },
          "end": {
            "line": 91,
            "column": 5
          }
        },
        "line": 88
      },
      "3": {
        "name": "(anonymous_3)",
        "decl": {
          "start": {
            "line": 93,
            "column": 20
          },
          "end": {
            "line": 93,
            "column": 21
          }
        },
        "loc": {
          "start": {
            "line": 93,
            "column": 31
          },
          "end": {
            "line": 93,
            "column": 65
          }
        },
        "line": 93
      },
      "4": {
        "name": "formatCakes",
        "decl": {
          "start": {
            "line": 105,
            "column": 9
          },
          "end": {
            "line": 105,
            "column": 20
          }
        },
        "loc": {
          "start": {
            "line": 105,
            "column": 51
          },
          "end": {
            "line": 110,
            "column": 1
          }
        },
        "line": 105
      },
      "5": {
        "name": "(anonymous_5)",
        "decl": {
          "start": {
            "line": 106,
            "column": 22
          },
          "end": {
            "line": 106,
            "column": 23
          }
        },
        "loc": {
          "start": {
            "line": 106,
            "column": 30
          },
          "end": {
            "line": 109,
            "column": 5
          }
        },
        "line": 106
      }
    },
    "branchMap": {
      "0": {
        "loc": {
          "start": {
            "line": 73,
            "column": 4
          },
          "end": {
            "line": 77,
            "column": 5
          }
        },
        "type": "if",
        "locations": [
          {
            "start": {
              "line": 73,
              "column": 4
            },
            "end": {
              "line": 77,
              "column": 5
            }
          },
          {
            "start": {
              "line": 73,
              "column": 4
            },
            "end": {
              "line": 77,
              "column": 5
            }
          }
        ],
        "line": 73
      },
      "1": {
        "loc": {
          "start": {
            "line": 78,
            "column": 4
          },
          "end": {
            "line": 82,
            "column": 5
          }
        },
        "type": "if",
        "locations": [
          {
            "start": {
              "line": 78,
              "column": 4
            },
            "end": {
              "line": 82,
              "column": 5
            }
          },
          {
            "start": {
              "line": 78,
              "column": 4
            },
            "end": {
              "line": 82,
              "column": 5
            }
          }
        ],
        "line": 78
      },
      "2": {
        "loc": {
          "start": {
            "line": 96,
            "column": 4
          },
          "end": {
            "line": 98,
            "column": 5
          }
        },
        "type": "if",
        "locations": [
          {
            "start": {
              "line": 96,
              "column": 4
            },
            "end": {
              "line": 98,
              "column": 5
            }
          },
          {
            "start": {
              "line": 96,
              "column": 4
            },
            "end": {
              "line": 98,
              "column": 5
            }
          }
        ],
        "line": 96
      },
      "3": {
        "loc": {
          "start": {
            "line": 96,
            "column": 8
          },
          "end": {
            "line": 96,
            "column": 37
          }
        },
        "type": "binary-expr",
        "locations": [
          {
            "start": {
              "line": 96,
              "column": 8
            },
            "end": {
              "line": 96,
              "column": 19
            }
          },
          {
            "start": {
              "line": 96,
              "column": 23
            },
            "end": {
              "line": 96,
              "column": 37
            }
          }
        ],
        "line": 96
      }
    },
    "s": {
      "0": 312,
      "1": 312,
      "2": 66,
      "3": 66,
      "4": 264,
      "5": 312,
      "6": 312,
      "7": 312,
      "8": 1296,
      "9": 312,
      "10": 279,
      "11": 33,
      "12": 33,
      "13": 279,
      "14": 279,
      "15": 33,
      "16": 279,
      "17": 279,
      "18": 33,
      "19": 279,
      "20": 279,
      "21": 113,
      "22": 279,
      "23": 279
    },
    "f": {
      "0": 312,
      "1": 279,
      "2": 33,
      "3": 33,
      "4": 113,
      "5": 279
    },
    "b": {
      "0": [
        66,
        246
      ],
      "1": [
        312,
        0
      ],
      "2": [
        33,
        246
      ],
      "3": [
        279,
        33
      ]
    },
    "_coverageSchema": "1a1c01bbd47fc00a2c39e90264f33305004495a9",
    "hash": "3db885f6ef2090a0f5da8645b4d22aac1d881142"
  },
  "C:\\Users\\luizp\\Desktop\\Loja-De-Bolos-Sabor-Brasileiro\\src\\contexts\\cake\\context.ts": {
    "path": "C:\\Users\\luizp\\Desktop\\Loja-De-Bolos-Sabor-Brasileiro\\src\\contexts\\cake\\context.ts",
    "statementMap": {
      "0": {
        "start": {
          "line": 65,
          "column": 20
        },
        "end": {
          "line": 65,
          "column": 57
        }
      }
    },
    "fnMap": {},
    "branchMap": {},
    "s": {
      "0": 39
    },
    "f": {},
    "b": {},
    "_coverageSchema": "1a1c01bbd47fc00a2c39e90264f33305004495a9",
    "hash": "d7113e22cff828f020f5e33b2b26f04a8421e119"
  },
  "C:\\Users\\luizp\\Desktop\\Loja-De-Bolos-Sabor-Brasileiro\\src\\hooks\\useCake.ts": {
    "path": "C:\\Users\\luizp\\Desktop\\Loja-De-Bolos-Sabor-Brasileiro\\src\\hooks\\useCake.ts",
    "statementMap": {
      "0": {
        "start": {
          "line": 59,
          "column": 21
        },
        "end": {
          "line": 59,
          "column": 46
        }
      },
      "1": {
        "start": {
          "line": 61,
          "column": 4
        },
        "end": {
          "line": 61,
          "column": 38
        }
      },
      "2": {
        "start": {
          "line": 65,
          "column": 21
        },
        "end": {
          "line": 65,
          "column": 53
        }
      },
      "3": {
        "start": {
          "line": 67,
          "column": 4
        },
        "end": {
          "line": 67,
          "column": 35
        }
      },
      "4": {
        "start": {
          "line": 71,
          "column": 21
        },
        "end": {
          "line": 71,
          "column": 57
        }
      },
      "5": {
        "start": {
          "line": 72,
          "column": 4
        },
        "end": {
          "line": 72,
          "column": 40
        }
      },
      "6": {
        "start": {
          "line": 81,
          "column": 8
        },
        "end": {
          "line": 81,
          "column": 63
        }
      },
      "7": {
        "start": {
          "line": 81,
          "column": 43
        },
        "end": {
          "line": 81,
          "column": 62
        }
      },
      "8": {
        "start": {
          "line": 83,
          "column": 27
        },
        "end": {
          "line": 88,
          "column": 24
        }
      },
      "9": {
        "start": {
          "line": 84,
          "column": 27
        },
        "end": {
          "line": 86,
          "column": 10
        }
      },
      "10": {
        "start": {
          "line": 85,
          "column": 12
        },
        "end": {
          "line": 85,
          "column": 70
        }
      },
      "11": {
        "start": {
          "line": 87,
          "column": 8
        },
        "end": {
          "line": 87,
          "column": 29
        }
      },
      "12": {
        "start": {
          "line": 90,
          "column": 4
        },
        "end": {
          "line": 90,
          "column": 57
        }
      },
      "13": {
        "start": {
          "line": 99,
          "column": 8
        },
        "end": {
          "line": 99,
          "column": 73
        }
      },
      "14": {
        "start": {
          "line": 99,
          "column": 39
        },
        "end": {
          "line": 99,
          "column": 72
        }
      },
      "15": {
        "start": {
          "line": 101,
          "column": 21
        },
        "end": {
          "line": 104,
          "column": 18
        }
      },
      "16": {
        "start": {
          "line": 102,
          "column": 21
        },
        "end": {
          "line": 102,
          "column": 41
        }
      },
      "17": {
        "start": {
          "line": 103,
          "column": 8
        },
        "end": {
          "line": 103,
          "column": 23
        }
      },
      "18": {
        "start": {
          "line": 106,
          "column": 4
        },
        "end": {
          "line": 106,
          "column": 51
        }
      },
      "19": {
        "start": {
          "line": 119,
          "column": 8
        },
        "end": {
          "line": 129,
          "column": 5
        }
      },
      "20": {
        "start": {
          "line": 128,
          "column": 14
        },
        "end": {
          "line": 128,
          "column": 69
        }
      },
      "21": {
        "start": {
          "line": 131,
          "column": 22
        },
        "end": {
          "line": 134,
          "column": 19
        }
      },
      "22": {
        "start": {
          "line": 132,
          "column": 22
        },
        "end": {
          "line": 132,
          "column": 44
        }
      },
      "23": {
        "start": {
          "line": 133,
          "column": 8
        },
        "end": {
          "line": 133,
          "column": 24
        }
      },
      "24": {
        "start": {
          "line": 136,
          "column": 4
        },
        "end": {
          "line": 136,
          "column": 52
        }
      },
      "25": {
        "start": {
          "line": 140,
          "column": 18
        },
        "end": {
          "line": 140,
          "column": 63
        }
      },
      "26": {
        "start": {
          "line": 140,
          "column": 55
        },
        "end": {
          "line": 140,
          "column": 62
        }
      },
      "27": {
        "start": {
          "line": 141,
          "column": 21
        },
        "end": {
          "line": 141,
          "column": 69
        }
      },
      "28": {
        "start": {
          "line": 141,
          "column": 58
        },
        "end": {
          "line": 141,
          "column": 68
        }
      },
      "29": {
        "start": {
          "line": 142,
          "column": 4
        },
        "end": {
          "line": 142,
          "column": 30
        }
      },
      "30": {
        "start": {
          "line": 146,
          "column": 23
        },
        "end": {
          "line": 146,
          "column": 73
        }
      },
      "31": {
        "start": {
          "line": 146,
          "column": 60
        },
        "end": {
          "line": 146,
          "column": 72
        }
      },
      "32": {
        "start": {
          "line": 147,
          "column": 26
        },
        "end": {
          "line": 147,
          "column": 79
        }
      },
      "33": {
        "start": {
          "line": 147,
          "column": 63
        },
        "end": {
          "line": 147,
          "column": 78
        }
      },
      "34": {
        "start": {
          "line": 148,
          "column": 4
        },
        "end": {
          "line": 148,
          "column": 40
        }
      }
    },
    "fnMap": {
      "0": {
        "name": "getCakes",
        "decl": {
          "start": {
            "line": 58,
            "column": 15
          },
          "end": {
            "line": 58,
            "column": 23
          }
        },
        "loc": {
          "start": {
            "line": 58,
            "column": 51
          },
          "end": {
            "line": 62,
            "column": 1
          }
        },
        "line": 58
      },
      "1": {
        "name": "getCake",
        "decl": {
          "start": {
            "line": 64,
            "column": 15
          },
          "end": {
            "line": 64,
            "column": 22
          }
        },
        "loc": {
          "start": {
            "line": 64,
            "column": 51
          },
          "end": {
            "line": 68,
            "column": 1
          }
        },
        "line": 64
      },
      "2": {
        "name": "getCakeCategories",
        "decl": {
          "start": {
            "line": 70,
            "column": 15
          },
          "end": {
            "line": 70,
            "column": 32
          }
        },
        "loc": {
          "start": {
            "line": 70,
            "column": 60
          },
          "end": {
            "line": 73,
            "column": 1
          }
        },
        "line": 70
      },
      "3": {
        "name": "getCakeCategoriesQuery",
        "decl": {
          "start": {
            "line": 75,
            "column": 9
          },
          "end": {
            "line": 75,
            "column": 31
          }
        },
        "loc": {
          "start": {
            "line": 75,
            "column": 34
          },
          "end": {
            "line": 91,
            "column": 1
          }
        },
        "line": 75
      },
      "4": {
        "name": "(anonymous_4)",
        "decl": {
          "start": {
            "line": 81,
            "column": 37
          },
          "end": {
            "line": 81,
            "column": 38
          }
        },
        "loc": {
          "start": {
            "line": 81,
            "column": 43
          },
          "end": {
            "line": 81,
            "column": 62
          }
        },
        "line": 81
      },
      "5": {
        "name": "(anonymous_5)",
        "decl": {
          "start": {
            "line": 83,
            "column": 35
          },
          "end": {
            "line": 83,
            "column": 36
          }
        },
        "loc": {
          "start": {
            "line": 83,
            "column": 41
          },
          "end": {
            "line": 88,
            "column": 5
          }
        },
        "line": 83
      },
      "6": {
        "name": "(anonymous_6)",
        "decl": {
          "start": {
            "line": 84,
            "column": 46
          },
          "end": {
            "line": 84,
            "column": 47
          }
        },
        "loc": {
          "start": {
            "line": 84,
            "column": 58
          },
          "end": {
            "line": 86,
            "column": 9
          }
        },
        "line": 84
      },
      "7": {
        "name": "getCakeQuery",
        "decl": {
          "start": {
            "line": 93,
            "column": 9
          },
          "end": {
            "line": 93,
            "column": 21
          }
        },
        "loc": {
          "start": {
            "line": 93,
            "column": 50
          },
          "end": {
            "line": 107,
            "column": 1
          }
        },
        "line": 93
      },
      "8": {
        "name": "(anonymous_8)",
        "decl": {
          "start": {
            "line": 99,
            "column": 33
          },
          "end": {
            "line": 99,
            "column": 34
          }
        },
        "loc": {
          "start": {
            "line": 99,
            "column": 39
          },
          "end": {
            "line": 99,
            "column": 72
          }
        },
        "line": 99
      },
      "9": {
        "name": "(anonymous_9)",
        "decl": {
          "start": {
            "line": 101,
            "column": 29
          },
          "end": {
            "line": 101,
            "column": 30
          }
        },
        "loc": {
          "start": {
            "line": 101,
            "column": 35
          },
          "end": {
            "line": 104,
            "column": 5
          }
        },
        "line": 101
      },
      "10": {
        "name": "getCakesQueryWithFilter",
        "decl": {
          "start": {
            "line": 109,
            "column": 9
          },
          "end": {
            "line": 109,
            "column": 32
          }
        },
        "loc": {
          "start": {
            "line": 113,
            "column": 21
          },
          "end": {
            "line": 137,
            "column": 1
          }
        },
        "line": 113
      },
      "11": {
        "name": "(anonymous_11)",
        "decl": {
          "start": {
            "line": 128,
            "column": 8
          },
          "end": {
            "line": 128,
            "column": 9
          }
        },
        "loc": {
          "start": {
            "line": 128,
            "column": 14
          },
          "end": {
            "line": 128,
            "column": 69
          }
        },
        "line": 128
      },
      "12": {
        "name": "(anonymous_12)",
        "decl": {
          "start": {
            "line": 131,
            "column": 30
          },
          "end": {
            "line": 131,
            "column": 31
          }
        },
        "loc": {
          "start": {
            "line": 131,
            "column": 36
          },
          "end": {
            "line": 134,
            "column": 5
          }
        },
        "line": 131
      },
      "13": {
        "name": "useCakes",
        "decl": {
          "start": {
            "line": 139,
            "column": 9
          },
          "end": {
            "line": 139,
            "column": 17
          }
        },
        "loc": {
          "start": {
            "line": 139,
            "column": 20
          },
          "end": {
            "line": 143,
            "column": 1
          }
        },
        "line": 139
      },
      "14": {
        "name": "(anonymous_14)",
        "decl": {
          "start": {
            "line": 140,
            "column": 50
          },
          "end": {
            "line": 140,
            "column": 51
          }
        },
        "loc": {
          "start": {
            "line": 140,
            "column": 55
          },
          "end": {
            "line": 140,
            "column": 62
          }
        },
        "line": 140
      },
      "15": {
        "name": "(anonymous_15)",
        "decl": {
          "start": {
            "line": 141,
            "column": 53
          },
          "end": {
            "line": 141,
            "column": 54
          }
        },
        "loc": {
          "start": {
            "line": 141,
            "column": 58
          },
          "end": {
            "line": 141,
            "column": 68
          }
        },
        "line": 141
      },
      "16": {
        "name": "useCakeCategories",
        "decl": {
          "start": {
            "line": 145,
            "column": 9
          },
          "end": {
            "line": 145,
            "column": 26
          }
        },
        "loc": {
          "start": {
            "line": 145,
            "column": 29
          },
          "end": {
            "line": 149,
            "column": 1
          }
        },
        "line": 145
      },
      "17": {
        "name": "(anonymous_17)",
        "decl": {
          "start": {
            "line": 146,
            "column": 55
          },
          "end": {
            "line": 146,
            "column": 56
          }
        },
        "loc": {
          "start": {
            "line": 146,
            "column": 60
          },
          "end": {
            "line": 146,
            "column": 72
          }
        },
        "line": 146
      },
      "18": {
        "name": "(anonymous_18)",
        "decl": {
          "start": {
            "line": 147,
            "column": 58
          },
          "end": {
            "line": 147,
            "column": 59
          }
        },
        "loc": {
          "start": {
            "line": 147,
            "column": 63
          },
          "end": {
            "line": 147,
            "column": 78
          }
        },
        "line": 147
      }
    },
    "branchMap": {
      "0": {
        "loc": {
          "start": {
            "line": 123,
            "column": 24
          },
          "end": {
            "line": 123,
            "column": 36
          }
        },
        "type": "binary-expr",
        "locations": [
          {
            "start": {
              "line": 123,
              "column": 24
            },
            "end": {
              "line": 123,
              "column": 30
            }
          },
          {
            "start": {
              "line": 123,
              "column": 34
            },
            "end": {
              "line": 123,
              "column": 36
            }
          }
        ],
        "line": 123
      },
      "1": {
        "loc": {
          "start": {
            "line": 124,
            "column": 26
          },
          "end": {
            "line": 124,
            "column": 40
          }
        },
        "type": "binary-expr",
        "locations": [
          {
            "start": {
              "line": 124,
              "column": 26
            },
            "end": {
              "line": 124,
              "column": 34
            }
          },
          {
            "start": {
              "line": 124,
              "column": 38
            },
            "end": {
              "line": 124,
              "column": 40
            }
          }
        ],
        "line": 124
      },
      "2": {
        "loc": {
          "start": {
            "line": 125,
            "column": 23
          },
          "end": {
            "line": 125,
            "column": 34
          }
        },
        "type": "binary-expr",
        "locations": [
          {
            "start": {
              "line": 125,
              "column": 23
            },
            "end": {
              "line": 125,
              "column": 28
            }
          },
          {
            "start": {
              "line": 125,
              "column": 32
            },
            "end": {
              "line": 125,
              "column": 34
            }
          }
        ],
        "line": 125
      }
    },
    "s": {
      "0": 35,
      "1": 32,
      "2": 0,
      "3": 0,
      "4": 18,
      "5": 18,
      "6": 184,
      "7": 18,
      "8": 184,
      "9": 34,
      "10": 68,
      "11": 34,
      "12": 184,
      "13": 0,
      "14": 0,
      "15": 0,
      "16": 0,
      "17": 0,
      "18": 0,
      "19": 184,
      "20": 18,
      "21": 184,
      "22": 33,
      "23": 33,
      "24": 184,
      "25": 203,
      "26": 270,
      "27": 203,
      "28": 258,
      "29": 203,
      "30": 714,
      "31": 768,
      "32": 714,
      "33": 738,
      "34": 714
    },
    "f": {
      "0": 35,
      "1": 0,
      "2": 18,
      "3": 184,
      "4": 18,
      "5": 34,
      "6": 68,
      "7": 0,
      "8": 0,
      "9": 0,
      "10": 184,
      "11": 18,
      "12": 33,
      "13": 203,
      "14": 270,
      "15": 258,
      "16": 714,
      "17": 768,
      "18": 738
    },
    "b": {
      "0": [
        184,
        184
      ],
      "1": [
        184,
        184
      ],
      "2": [
        184,
        184
      ]
    },
    "_coverageSchema": "1a1c01bbd47fc00a2c39e90264f33305004495a9",
    "hash": "c053f5a4cf743bb3d530e1a748de981ff88f01d0"
  },
  "C:\\Users\\luizp\\Desktop\\Loja-De-Bolos-Sabor-Brasileiro\\src\\components\\Toasts\\AddCakeToast\\styles.ts": {
    "path": "C:\\Users\\luizp\\Desktop\\Loja-De-Bolos-Sabor-Brasileiro\\src\\components\\Toasts\\AddCakeToast\\styles.ts",
    "statementMap": {
      "0": {
        "start": {
          "line": 4,
          "column": 25
        },
        "end": {
          "line": 70,
          "column": 1
        }
      }
    },
    "fnMap": {},
    "branchMap": {},
    "s": {
      "0": 39
    },
    "f": {},
    "b": {},
    "_coverageSchema": "1a1c01bbd47fc00a2c39e90264f33305004495a9",
    "hash": "624f85ea1b785296015e299a0ff644d675017339"
  },
  "C:\\Users\\luizp\\Desktop\\Loja-De-Bolos-Sabor-Brasileiro\\src\\components\\Toasts\\AddCakeToast\\index.tsx": {
    "path": "C:\\Users\\luizp\\Desktop\\Loja-De-Bolos-Sabor-Brasileiro\\src\\components\\Toasts\\AddCakeToast\\index.tsx",
    "statementMap": {
      "0": {
        "start": {
          "line": 26,
          "column": 21
        },
        "end": {
          "line": 78,
          "column": 1
        }
      },
      "1": {
        "start": {
          "line": 27,
          "column": 20
        },
        "end": {
          "line": 27,
          "column": 26
        }
      },
      "2": {
        "start": {
          "line": 29,
          "column": 8
        },
        "end": {
          "line": 29,
          "column": 28
        }
      },
      "3": {
        "start": {
          "line": 32,
          "column": 4
        },
        "end": {
          "line": 77,
          "column": 5
        }
      },
      "4": {
        "start": {
          "line": 33,
          "column": 8
        },
        "end": {
          "line": 76,
          "column": 10
        }
      },
      "5": {
        "start": {
          "line": 39,
          "column": 16
        },
        "end": {
          "line": 74,
          "column": 28
        }
      }
    },
    "fnMap": {
      "0": {
        "name": "(anonymous_0)",
        "decl": {
          "start": {
            "line": 26,
            "column": 21
          },
          "end": {
            "line": 26,
            "column": 22
          }
        },
        "loc": {
          "start": {
            "line": 26,
            "column": 56
          },
          "end": {
            "line": 78,
            "column": 1
          }
        },
        "line": 26
      },
      "1": {
        "name": "close",
        "decl": {
          "start": {
            "line": 28,
            "column": 13
          },
          "end": {
            "line": 28,
            "column": 18
          }
        },
        "loc": {
          "start": {
            "line": 28,
            "column": 21
          },
          "end": {
            "line": 30,
            "column": 5
          }
        },
        "line": 28
      },
      "2": {
        "name": "(anonymous_2)",
        "decl": {
          "start": {
            "line": 38,
            "column": 20
          },
          "end": {
            "line": 38,
            "column": 21
          }
        },
        "loc": {
          "start": {
            "line": 39,
            "column": 16
          },
          "end": {
            "line": 74,
            "column": 28
          }
        },
        "line": 39
      }
    },
    "branchMap": {
      "0": {
        "loc": {
          "start": {
            "line": 32,
            "column": 4
          },
          "end": {
            "line": 77,
            "column": 5
          }
        },
        "type": "if",
        "locations": [
          {
            "start": {
              "line": 32,
              "column": 4
            },
            "end": {
              "line": 77,
              "column": 5
            }
          },
          {
            "start": {
              "line": 32,
              "column": 4
            },
            "end": {
              "line": 77,
              "column": 5
            }
          }
        ],
        "line": 32
      }
    },
    "s": {
      "0": 39,
      "1": 0,
      "2": 0,
      "3": 0,
      "4": 0,
      "5": 0
    },
    "f": {
      "0": 0,
      "1": 0,
      "2": 0
    },
    "b": {
      "0": [
        0,
        0
      ]
    },
    "_coverageSchema": "1a1c01bbd47fc00a2c39e90264f33305004495a9",
    "hash": "2a6a5026b4b394f3b09391f0e6fe154414ac5137"
  },
  "C:\\Users\\luizp\\Desktop\\Loja-De-Bolos-Sabor-Brasileiro\\src\\contexts\\cart\\provider.tsx": {
    "path": "C:\\Users\\luizp\\Desktop\\Loja-De-Bolos-Sabor-Brasileiro\\src\\contexts\\cart\\provider.tsx",
    "statementMap": {
      "0": {
        "start": {
          "line": 10,
          "column": 21
        },
        "end": {
          "line": 10,
          "column": 32
        }
      },
      "1": {
        "start": {
          "line": 30,
          "column": 31
        },
        "end": {
          "line": 155,
          "column": 1
        }
      },
      "2": {
        "start": {
          "line": 31,
          "column": 38
        },
        "end": {
          "line": 31,
          "column": 79
        }
      },
      "3": {
        "start": {
          "line": 32,
          "column": 22
        },
        "end": {
          "line": 32,
          "column": 32
        }
      },
      "4": {
        "start": {
          "line": 34,
          "column": 30
        },
        "end": {
          "line": 34,
          "column": 41
        }
      },
      "5": {
        "start": {
          "line": 35,
          "column": 18
        },
        "end": {
          "line": 35,
          "column": 28
        }
      },
      "6": {
        "start": {
          "line": 37,
          "column": 4
        },
        "end": {
          "line": 37,
          "column": 43
        }
      },
      "7": {
        "start": {
          "line": 37,
          "column": 18
        },
        "end": {
          "line": 37,
          "column": 29
        }
      },
      "8": {
        "start": {
          "line": 39,
          "column": 38
        },
        "end": {
          "line": 43,
          "column": 19
        }
      },
      "9": {
        "start": {
          "line": 40,
          "column": 28
        },
        "end": {
          "line": 40,
          "column": 44
        }
      },
      "10": {
        "start": {
          "line": 41,
          "column": 25
        },
        "end": {
          "line": 41,
          "column": 38
        }
      },
      "11": {
        "start": {
          "line": 42,
          "column": 8
        },
        "end": {
          "line": 42,
          "column": 40
        }
      },
      "12": {
        "start": {
          "line": 46,
          "column": 8
        },
        "end": {
          "line": 46,
          "column": 48
        }
      },
      "13": {
        "start": {
          "line": 47,
          "column": 8
        },
        "end": {
          "line": 47,
          "column": 42
        }
      },
      "14": {
        "start": {
          "line": 51,
          "column": 20
        },
        "end": {
          "line": 51,
          "column": 21
        }
      },
      "15": {
        "start": {
          "line": 52,
          "column": 8
        },
        "end": {
          "line": 52,
          "column": 69
        }
      },
      "16": {
        "start": {
          "line": 52,
          "column": 35
        },
        "end": {
          "line": 52,
          "column": 67
        }
      },
      "17": {
        "start": {
          "line": 53,
          "column": 8
        },
        "end": {
          "line": 53,
          "column": 23
        }
      },
      "18": {
        "start": {
          "line": 57,
          "column": 25
        },
        "end": {
          "line": 57,
          "column": 34
        }
      },
      "19": {
        "start": {
          "line": 58,
          "column": 8
        },
        "end": {
          "line": 61,
          "column": 9
        }
      },
      "20": {
        "start": {
          "line": 60,
          "column": 16
        },
        "end": {
          "line": 60,
          "column": 74
        }
      },
      "21": {
        "start": {
          "line": 62,
          "column": 8
        },
        "end": {
          "line": 62,
          "column": 35
        }
      },
      "22": {
        "start": {
          "line": 67,
          "column": 8
        },
        "end": {
          "line": 71,
          "column": 10
        }
      },
      "23": {
        "start": {
          "line": 68,
          "column": 12
        },
        "end": {
          "line": 70,
          "column": 13
        }
      },
      "24": {
        "start": {
          "line": 69,
          "column": 16
        },
        "end": {
          "line": 69,
          "column": 46
        }
      },
      "25": {
        "start": {
          "line": 73,
          "column": 8
        },
        "end": {
          "line": 73,
          "column": 24
        }
      },
      "26": {
        "start": {
          "line": 77,
          "column": 25
        },
        "end": {
          "line": 77,
          "column": 34
        }
      },
      "27": {
        "start": {
          "line": 79,
          "column": 25
        },
        "end": {
          "line": 90,
          "column": 10
        }
      },
      "28": {
        "start": {
          "line": 80,
          "column": 12
        },
        "end": {
          "line": 87,
          "column": 13
        }
      },
      "29": {
        "start": {
          "line": 81,
          "column": 34
        },
        "end": {
          "line": 81,
          "column": 49
        }
      },
      "30": {
        "start": {
          "line": 82,
          "column": 33
        },
        "end": {
          "line": 82,
          "column": 75
        }
      },
      "31": {
        "start": {
          "line": 83,
          "column": 16
        },
        "end": {
          "line": 86,
          "column": 17
        }
      },
      "32": {
        "start": {
          "line": 89,
          "column": 12
        },
        "end": {
          "line": 89,
          "column": 27
        }
      },
      "33": {
        "start": {
          "line": 91,
          "column": 8
        },
        "end": {
          "line": 91,
          "column": 35
        }
      },
      "34": {
        "start": {
          "line": 95,
          "column": 25
        },
        "end": {
          "line": 95,
          "column": 34
        }
      },
      "35": {
        "start": {
          "line": 97,
          "column": 25
        },
        "end": {
          "line": 113,
          "column": 10
        }
      },
      "36": {
        "start": {
          "line": 98,
          "column": 12
        },
        "end": {
          "line": 110,
          "column": 13
        }
      },
      "37": {
        "start": {
          "line": 99,
          "column": 34
        },
        "end": {
          "line": 99,
          "column": 49
        }
      },
      "38": {
        "start": {
          "line": 101,
          "column": 33
        },
        "end": {
          "line": 105,
          "column": 17
        }
      },
      "39": {
        "start": {
          "line": 106,
          "column": 16
        },
        "end": {
          "line": 109,
          "column": 17
        }
      },
      "40": {
        "start": {
          "line": 112,
          "column": 12
        },
        "end": {
          "line": 112,
          "column": 27
        }
      },
      "41": {
        "start": {
          "line": 114,
          "column": 8
        },
        "end": {
          "line": 114,
          "column": 35
        }
      },
      "42": {
        "start": {
          "line": 118,
          "column": 20
        },
        "end": {
          "line": 118,
          "column": 25
        }
      },
      "43": {
        "start": {
          "line": 119,
          "column": 8
        },
        "end": {
          "line": 121,
          "column": 9
        }
      },
      "44": {
        "start": {
          "line": 120,
          "column": 24
        },
        "end": {
          "line": 120,
          "column": 70
        }
      },
      "45": {
        "start": {
          "line": 122,
          "column": 8
        },
        "end": {
          "line": 122,
          "column": 20
        }
      },
      "46": {
        "start": {
          "line": 126,
          "column": 8
        },
        "end": {
          "line": 128,
          "column": 9
        }
      },
      "47": {
        "start": {
          "line": 127,
          "column": 12
        },
        "end": {
          "line": 127,
          "column": 50
        }
      },
      "48": {
        "start": {
          "line": 129,
          "column": 8
        },
        "end": {
          "line": 129,
          "column": 38
        }
      },
      "49": {
        "start": {
          "line": 133,
          "column": 8
        },
        "end": {
          "line": 133,
          "column": 24
        }
      },
      "50": {
        "start": {
          "line": 136,
          "column": 4
        },
        "end": {
          "line": 154,
          "column": 5
        }
      }
    },
    "fnMap": {
      "0": {
        "name": "(anonymous_0)",
        "decl": {
          "start": {
            "line": 30,
            "column": 31
          },
          "end": {
            "line": 30,
            "column": 32
          }
        },
        "loc": {
          "start": {
            "line": 30,
            "column": 49
          },
          "end": {
            "line": 155,
            "column": 1
          }
        },
        "line": 30
      },
      "1": {
        "name": "(anonymous_1)",
        "decl": {
          "start": {
            "line": 37,
            "column": 12
          },
          "end": {
            "line": 37,
            "column": 13
          }
        },
        "loc": {
          "start": {
            "line": 37,
            "column": 18
          },
          "end": {
            "line": 37,
            "column": 29
          }
        },
        "line": 37
      },
      "2": {
        "name": "(anonymous_2)",
        "decl": {
          "start": {
            "line": 39,
            "column": 46
          },
          "end": {
            "line": 39,
            "column": 47
          }
        },
        "loc": {
          "start": {
            "line": 39,
            "column": 52
          },
          "end": {
            "line": 43,
            "column": 5
          }
        },
        "line": 39
      },
      "3": {
        "name": "addToCart",
        "decl": {
          "start": {
            "line": 45,
            "column": 13
          },
          "end": {
            "line": 45,
            "column": 22
          }
        },
        "loc": {
          "start": {
            "line": 45,
            "column": 39
          },
          "end": {
            "line": 48,
            "column": 5
          }
        },
        "line": 45
      },
      "4": {
        "name": "calcTotal",
        "decl": {
          "start": {
            "line": 50,
            "column": 13
          },
          "end": {
            "line": 50,
            "column": 22
          }
        },
        "loc": {
          "start": {
            "line": 50,
            "column": 25
          },
          "end": {
            "line": 54,
            "column": 5
          }
        },
        "line": 50
      },
      "5": {
        "name": "(anonymous_5)",
        "decl": {
          "start": {
            "line": 52,
            "column": 26
          },
          "end": {
            "line": 52,
            "column": 27
          }
        },
        "loc": {
          "start": {
            "line": 52,
            "column": 35
          },
          "end": {
            "line": 52,
            "column": 67
          }
        },
        "line": 52
      },
      "6": {
        "name": "removeItem",
        "decl": {
          "start": {
            "line": 56,
            "column": 13
          },
          "end": {
            "line": 56,
            "column": 23
          }
        },
        "loc": {
          "start": {
            "line": 56,
            "column": 40
          },
          "end": {
            "line": 63,
            "column": 5
          }
        },
        "line": 56
      },
      "7": {
        "name": "(anonymous_7)",
        "decl": {
          "start": {
            "line": 59,
            "column": 12
          },
          "end": {
            "line": 59,
            "column": 13
          }
        },
        "loc": {
          "start": {
            "line": 60,
            "column": 16
          },
          "end": {
            "line": 60,
            "column": 74
          }
        },
        "line": 60
      },
      "8": {
        "name": "getCakePrice",
        "decl": {
          "start": {
            "line": 65,
            "column": 13
          },
          "end": {
            "line": 65,
            "column": 25
          }
        },
        "loc": {
          "start": {
            "line": 65,
            "column": 42
          },
          "end": {
            "line": 74,
            "column": 5
          }
        },
        "line": 65
      },
      "9": {
        "name": "(anonymous_9)",
        "decl": {
          "start": {
            "line": 67,
            "column": 22
          },
          "end": {
            "line": 67,
            "column": 23
          }
        },
        "loc": {
          "start": {
            "line": 67,
            "column": 30
          },
          "end": {
            "line": 71,
            "column": 9
          }
        },
        "line": 67
      },
      "10": {
        "name": "upAmount",
        "decl": {
          "start": {
            "line": 76,
            "column": 13
          },
          "end": {
            "line": 76,
            "column": 21
          }
        },
        "loc": {
          "start": {
            "line": 76,
            "column": 38
          },
          "end": {
            "line": 92,
            "column": 5
          }
        },
        "line": 76
      },
      "11": {
        "name": "(anonymous_11)",
        "decl": {
          "start": {
            "line": 79,
            "column": 38
          },
          "end": {
            "line": 79,
            "column": 39
          }
        },
        "loc": {
          "start": {
            "line": 79,
            "column": 50
          },
          "end": {
            "line": 90,
            "column": 9
          }
        },
        "line": 79
      },
      "12": {
        "name": "downAmount",
        "decl": {
          "start": {
            "line": 94,
            "column": 13
          },
          "end": {
            "line": 94,
            "column": 23
          }
        },
        "loc": {
          "start": {
            "line": 94,
            "column": 40
          },
          "end": {
            "line": 115,
            "column": 5
          }
        },
        "line": 94
      },
      "13": {
        "name": "(anonymous_13)",
        "decl": {
          "start": {
            "line": 97,
            "column": 38
          },
          "end": {
            "line": 97,
            "column": 39
          }
        },
        "loc": {
          "start": {
            "line": 97,
            "column": 50
          },
          "end": {
            "line": 113,
            "column": 9
          }
        },
        "line": 97
      },
      "14": {
        "name": "hasCakeInCart",
        "decl": {
          "start": {
            "line": 117,
            "column": 13
          },
          "end": {
            "line": 117,
            "column": 26
          }
        },
        "loc": {
          "start": {
            "line": 117,
            "column": 39
          },
          "end": {
            "line": 123,
            "column": 5
          }
        },
        "line": 117
      },
      "15": {
        "name": "(anonymous_15)",
        "decl": {
          "start": {
            "line": 120,
            "column": 12
          },
          "end": {
            "line": 120,
            "column": 13
          }
        },
        "loc": {
          "start": {
            "line": 120,
            "column": 24
          },
          "end": {
            "line": 120,
            "column": 70
          }
        },
        "line": 120
      },
      "16": {
        "name": "toggleAddToCart",
        "decl": {
          "start": {
            "line": 125,
            "column": 13
          },
          "end": {
            "line": 125,
            "column": 28
          }
        },
        "loc": {
          "start": {
            "line": 125,
            "column": 41
          },
          "end": {
            "line": 130,
            "column": 5
          }
        },
        "line": 125
      },
      "17": {
        "name": "clearCart",
        "decl": {
          "start": {
            "line": 132,
            "column": 13
          },
          "end": {
            "line": 132,
            "column": 22
          }
        },
        "loc": {
          "start": {
            "line": 132,
            "column": 25
          },
          "end": {
            "line": 134,
            "column": 5
          }
        },
        "line": 132
      }
    },
    "branchMap": {
      "0": {
        "loc": {
          "start": {
            "line": 60,
            "column": 16
          },
          "end": {
            "line": 60,
            "column": 74
          }
        },
        "type": "binary-expr",
        "locations": [
          {
            "start": {
              "line": 60,
              "column": 16
            },
            "end": {
              "line": 60,
              "column": 49
            }
          },
          {
            "start": {
              "line": 60,
              "column": 53
            },
            "end": {
              "line": 60,
              "column": 74
            }
          }
        ],
        "line": 60
      },
      "1": {
        "loc": {
          "start": {
            "line": 68,
            "column": 12
          },
          "end": {
            "line": 70,
            "column": 13
          }
        },
        "type": "if",
        "locations": [
          {
            "start": {
              "line": 68,
              "column": 12
            },
            "end": {
              "line": 70,
              "column": 13
            }
          },
          {
            "start": {
              "line": 68,
              "column": 12
            },
            "end": {
              "line": 70,
              "column": 13
            }
          }
        ],
        "line": 68
      },
      "2": {
        "loc": {
          "start": {
            "line": 80,
            "column": 12
          },
          "end": {
            "line": 87,
            "column": 13
          }
        },
        "type": "if",
        "locations": [
          {
            "start": {
              "line": 80,
              "column": 12
            },
            "end": {
              "line": 87,
              "column": 13
            }
          },
          {
            "start": {
              "line": 80,
              "column": 12
            },
            "end": {
              "line": 87,
              "column": 13
            }
          }
        ],
        "line": 80
      },
      "3": {
        "loc": {
          "start": {
            "line": 98,
            "column": 12
          },
          "end": {
            "line": 110,
            "column": 13
          }
        },
        "type": "if",
        "locations": [
          {
            "start": {
              "line": 98,
              "column": 12
            },
            "end": {
              "line": 110,
              "column": 13
            }
          },
          {
            "start": {
              "line": 98,
              "column": 12
            },
            "end": {
              "line": 110,
              "column": 13
            }
          }
        ],
        "line": 98
      },
      "4": {
        "loc": {
          "start": {
            "line": 102,
            "column": 20
          },
          "end": {
            "line": 104,
            "column": 78
          }
        },
        "type": "cond-expr",
        "locations": [
          {
            "start": {
              "line": 103,
              "column": 26
            },
            "end": {
              "line": 103,
              "column": 48
            }
          },
          {
            "start": {
              "line": 104,
              "column": 26
            },
            "end": {
              "line": 104,
              "column": 78
            }
          }
        ],
        "line": 102
      },
      "5": {
        "loc": {
          "start": {
            "line": 120,
            "column": 24
          },
          "end": {
            "line": 120,
            "column": 70
          }
        },
        "type": "binary-expr",
        "locations": [
          {
            "start": {
              "line": 120,
              "column": 24
            },
            "end": {
              "line": 120,
              "column": 52
            }
          },
          {
            "start": {
              "line": 120,
              "column": 57
            },
            "end": {
              "line": 120,
              "column": 69
            }
          }
        ],
        "line": 120
      },
      "6": {
        "loc": {
          "start": {
            "line": 126,
            "column": 8
          },
          "end": {
            "line": 128,
            "column": 9
          }
        },
        "type": "if",
        "locations": [
          {
            "start": {
              "line": 126,
              "column": 8
            },
            "end": {
              "line": 128,
              "column": 9
            }
          },
          {
            "start": {
              "line": 126,
              "column": 8
            },
            "end": {
              "line": 128,
              "column": 9
            }
          }
        ],
        "line": 126
      }
    },
    "s": {
      "0": 39,
      "1": 39,
      "2": 127,
      "3": 127,
      "4": 127,
      "5": 127,
      "6": 127,
      "7": 39,
      "8": 127,
      "9": 39,
      "10": 39,
      "11": 39,
      "12": 0,
      "13": 0,
      "14": 39,
      "15": 39,
      "16": 0,
      "17": 39,
      "18": 0,
      "19": 0,
      "20": 0,
      "21": 0,
      "22": 0,
      "23": 0,
      "24": 0,
      "25": 0,
      "26": 0,
      "27": 0,
      "28": 0,
      "29": 0,
      "30": 0,
      "31": 0,
      "32": 0,
      "33": 0,
      "34": 0,
      "35": 0,
      "36": 0,
      "37": 0,
      "38": 0,
      "39": 0,
      "40": 0,
      "41": 0,
      "42": 132,
      "43": 132,
      "44": 0,
      "45": 132,
      "46": 0,
      "47": 0,
      "48": 0,
      "49": 0,
      "50": 127
    },
    "f": {
      "0": 127,
      "1": 39,
      "2": 39,
      "3": 0,
      "4": 39,
      "5": 0,
      "6": 0,
      "7": 0,
      "8": 0,
      "9": 0,
      "10": 0,
      "11": 0,
      "12": 0,
      "13": 0,
      "14": 132,
      "15": 0,
      "16": 0,
      "17": 0
    },
    "b": {
      "0": [
        0,
        0
      ],
      "1": [
        0,
        0
      ],
      "2": [
        0,
        0
      ],
      "3": [
        0,
        0
      ],
      "4": [
        0,
        0
      ],
      "5": [
        0,
        0
      ],
      "6": [
        0,
        0
      ]
    },
    "_coverageSchema": "1a1c01bbd47fc00a2c39e90264f33305004495a9",
    "hash": "174f066a35758f0c6c7bb6a291df472001f54eba"
  },
  "C:\\Users\\luizp\\Desktop\\Loja-De-Bolos-Sabor-Brasileiro\\src\\contexts\\cake\\provider.tsx": {
    "path": "C:\\Users\\luizp\\Desktop\\Loja-De-Bolos-Sabor-Brasileiro\\src\\contexts\\cake\\provider.tsx",
    "statementMap": {
      "0": {
        "start": {
          "line": 5,
          "column": 21
        },
        "end": {
          "line": 5,
          "column": 32
        }
      },
      "1": {
        "start": {
          "line": 60,
          "column": 31
        },
        "end": {
          "line": 76,
          "column": 1
        }
      },
      "2": {
        "start": {
          "line": 61,
          "column": 30
        },
        "end": {
          "line": 61,
          "column": 50
        }
      },
      "3": {
        "start": {
          "line": 62,
          "column": 40
        },
        "end": {
          "line": 62,
          "column": 64
        }
      },
      "4": {
        "start": {
          "line": 64,
          "column": 4
        },
        "end": {
          "line": 75,
          "column": 5
        }
      }
    },
    "fnMap": {
      "0": {
        "name": "(anonymous_0)",
        "decl": {
          "start": {
            "line": 60,
            "column": 31
          },
          "end": {
            "line": 60,
            "column": 32
          }
        },
        "loc": {
          "start": {
            "line": 60,
            "column": 49
          },
          "end": {
            "line": 76,
            "column": 1
          }
        },
        "line": 60
      }
    },
    "branchMap": {},
    "s": {
      "0": 39,
      "1": 39,
      "2": 100,
      "3": 100,
      "4": 100
    },
    "f": {
      "0": 100
    },
    "b": {},
    "_coverageSchema": "1a1c01bbd47fc00a2c39e90264f33305004495a9",
    "hash": "4934c2a2e79e664c8108cb83449c29cf6208f520"
  },
  "C:\\Users\\luizp\\Desktop\\Loja-De-Bolos-Sabor-Brasileiro\\src\\contexts\\favorite\\context.ts": {
    "path": "C:\\Users\\luizp\\Desktop\\Loja-De-Bolos-Sabor-Brasileiro\\src\\contexts\\favorite\\context.ts",
    "statementMap": {
      "0": {
        "start": {
          "line": 24,
          "column": 24
        },
        "end": {
          "line": 24,
          "column": 65
        }
      }
    },
    "fnMap": {},
    "branchMap": {},
    "s": {
      "0": 39
    },
    "f": {},
    "b": {},
    "_coverageSchema": "1a1c01bbd47fc00a2c39e90264f33305004495a9",
    "hash": "46fde629e671d139a85b3ac7ab887114de06718e"
  },
  "C:\\Users\\luizp\\Desktop\\Loja-De-Bolos-Sabor-Brasileiro\\src\\contexts\\favorite\\provider.tsx": {
    "path": "C:\\Users\\luizp\\Desktop\\Loja-De-Bolos-Sabor-Brasileiro\\src\\contexts\\favorite\\provider.tsx",
    "statementMap": {
      "0": {
        "start": {
          "line": 5,
          "column": 21
        },
        "end": {
          "line": 5,
          "column": 36
        }
      },
      "1": {
        "start": {
          "line": 20,
          "column": 35
        },
        "end": {
          "line": 64,
          "column": 1
        }
      },
      "2": {
        "start": {
          "line": 21,
          "column": 46
        },
        "end": {
          "line": 24,
          "column": 5
        }
      },
      "3": {
        "start": {
          "line": 26,
          "column": 20
        },
        "end": {
          "line": 26,
          "column": 25
        }
      },
      "4": {
        "start": {
          "line": 27,
          "column": 8
        },
        "end": {
          "line": 29,
          "column": 9
        }
      },
      "5": {
        "start": {
          "line": 28,
          "column": 28
        },
        "end": {
          "line": 28,
          "column": 73
        }
      },
      "6": {
        "start": {
          "line": 30,
          "column": 8
        },
        "end": {
          "line": 30,
          "column": 20
        }
      },
      "7": {
        "start": {
          "line": 32,
          "column": 31
        },
        "end": {
          "line": 37,
          "column": 5
        }
      },
      "8": {
        "start": {
          "line": 33,
          "column": 8
        },
        "end": {
          "line": 35,
          "column": 9
        }
      },
      "9": {
        "start": {
          "line": 34,
          "column": 12
        },
        "end": {
          "line": 34,
          "column": 42
        }
      },
      "10": {
        "start": {
          "line": 36,
          "column": 8
        },
        "end": {
          "line": 36,
          "column": 32
        }
      },
      "11": {
        "start": {
          "line": 39,
          "column": 30
        },
        "end": {
          "line": 46,
          "column": 10
        }
      },
      "12": {
        "start": {
          "line": 40,
          "column": 25
        },
        "end": {
          "line": 40,
          "column": 38
        }
      },
      "13": {
        "start": {
          "line": 41,
          "column": 8
        },
        "end": {
          "line": 44,
          "column": 9
        }
      },
      "14": {
        "start": {
          "line": 43,
          "column": 16
        },
        "end": {
          "line": 43,
          "column": 68
        }
      },
      "15": {
        "start": {
          "line": 45,
          "column": 8
        },
        "end": {
          "line": 45,
          "column": 39
        }
      },
      "16": {
        "start": {
          "line": 49,
          "column": 8
        },
        "end": {
          "line": 49,
          "column": 50
        }
      },
      "17": {
        "start": {
          "line": 51,
          "column": 4
        },
        "end": {
          "line": 63,
          "column": 5
        }
      }
    },
    "fnMap": {
      "0": {
        "name": "(anonymous_0)",
        "decl": {
          "start": {
            "line": 20,
            "column": 35
          },
          "end": {
            "line": 20,
            "column": 36
          }
        },
        "loc": {
          "start": {
            "line": 20,
            "column": 53
          },
          "end": {
            "line": 64,
            "column": 1
          }
        },
        "line": 20
      },
      "1": {
        "name": "hasCakeInFavorites",
        "decl": {
          "start": {
            "line": 25,
            "column": 13
          },
          "end": {
            "line": 25,
            "column": 31
          }
        },
        "loc": {
          "start": {
            "line": 25,
            "column": 44
          },
          "end": {
            "line": 31,
            "column": 5
          }
        },
        "line": 25
      },
      "2": {
        "name": "(anonymous_2)",
        "decl": {
          "start": {
            "line": 28,
            "column": 12
          },
          "end": {
            "line": 28,
            "column": 13
          }
        },
        "loc": {
          "start": {
            "line": 28,
            "column": 28
          },
          "end": {
            "line": 28,
            "column": 73
          }
        },
        "line": 28
      },
      "3": {
        "name": "(anonymous_3)",
        "decl": {
          "start": {
            "line": 32,
            "column": 31
          },
          "end": {
            "line": 32,
            "column": 32
          }
        },
        "loc": {
          "start": {
            "line": 32,
            "column": 47
          },
          "end": {
            "line": 37,
            "column": 5
          }
        },
        "line": 32
      },
      "4": {
        "name": "(anonymous_4)",
        "decl": {
          "start": {
            "line": 39,
            "column": 42
          },
          "end": {
            "line": 39,
            "column": 43
          }
        },
        "loc": {
          "start": {
            "line": 39,
            "column": 58
          },
          "end": {
            "line": 46,
            "column": 5
          }
        },
        "line": 39
      },
      "5": {
        "name": "(anonymous_5)",
        "decl": {
          "start": {
            "line": 42,
            "column": 12
          },
          "end": {
            "line": 42,
            "column": 13
          }
        },
        "loc": {
          "start": {
            "line": 43,
            "column": 16
          },
          "end": {
            "line": 43,
            "column": 68
          }
        },
        "line": 43
      },
      "6": {
        "name": "addToFavoriteCakes",
        "decl": {
          "start": {
            "line": 48,
            "column": 13
          },
          "end": {
            "line": 48,
            "column": 31
          }
        },
        "loc": {
          "start": {
            "line": 48,
            "column": 44
          },
          "end": {
            "line": 50,
            "column": 5
          }
        },
        "line": 48
      }
    },
    "branchMap": {
      "0": {
        "loc": {
          "start": {
            "line": 28,
            "column": 28
          },
          "end": {
            "line": 28,
            "column": 73
          }
        },
        "type": "binary-expr",
        "locations": [
          {
            "start": {
              "line": 28,
              "column": 28
            },
            "end": {
              "line": 28,
              "column": 55
            }
          },
          {
            "start": {
              "line": 28,
              "column": 60
            },
            "end": {
              "line": 28,
              "column": 72
            }
          }
        ],
        "line": 28
      },
      "1": {
        "loc": {
          "start": {
            "line": 33,
            "column": 8
          },
          "end": {
            "line": 35,
            "column": 9
          }
        },
        "type": "if",
        "locations": [
          {
            "start": {
              "line": 33,
              "column": 8
            },
            "end": {
              "line": 35,
              "column": 9
            }
          },
          {
            "start": {
              "line": 33,
              "column": 8
            },
            "end": {
              "line": 35,
              "column": 9
            }
          }
        ],
        "line": 33
      },
      "2": {
        "loc": {
          "start": {
            "line": 43,
            "column": 16
          },
          "end": {
            "line": 43,
            "column": 68
          }
        },
        "type": "binary-expr",
        "locations": [
          {
            "start": {
              "line": 43,
              "column": 16
            },
            "end": {
              "line": 43,
              "column": 43
            }
          },
          {
            "start": {
              "line": 43,
              "column": 47
            },
            "end": {
              "line": 43,
              "column": 68
            }
          }
        ],
        "line": 43
      }
    },
    "s": {
      "0": 39,
      "1": 39,
      "2": 82,
      "3": 0,
      "4": 0,
      "5": 0,
      "6": 0,
      "7": 82,
      "8": 0,
      "9": 0,
      "10": 0,
      "11": 82,
      "12": 0,
      "13": 0,
      "14": 0,
      "15": 0,
      "16": 0,
      "17": 82
    },
    "f": {
      "0": 82,
      "1": 0,
      "2": 0,
      "3": 0,
      "4": 0,
      "5": 0,
      "6": 0
    },
    "b": {
      "0": [
        0,
        0
      ],
      "1": [
        0,
        0
      ],
      "2": [
        0,
        0
      ]
    },
    "_coverageSchema": "1a1c01bbd47fc00a2c39e90264f33305004495a9",
    "hash": "3367bdb6b13d4f3d313081347c90664fa297e1ed"
  },
  "C:\\Users\\luizp\\Desktop\\Loja-De-Bolos-Sabor-Brasileiro\\src\\pages\\_app.tsx": {
    "path": "C:\\Users\\luizp\\Desktop\\Loja-De-Bolos-Sabor-Brasileiro\\src\\pages\\_app.tsx",
    "statementMap": {
      "0": {
        "start": {
          "line": 11,
          "column": 26
        },
        "end": {
          "line": 11,
          "column": 59
        }
      },
      "1": {
        "start": {
          "line": 11,
          "column": 41
        },
        "end": {
          "line": 11,
          "column": 58
        }
      },
      "2": {
        "start": {
          "line": 12,
          "column": 4
        },
        "end": {
          "line": 27,
          "column": 5
        }
      }
    },
    "fnMap": {
      "0": {
        "name": "MyApp",
        "decl": {
          "start": {
[...]
            "line": 53,
            "column": 36
          },
          "end": {
            "line": 53,
            "column": 41
          }
        },
        "line": 53
      },
      "3": {
        "name": "(anonymous_3)",
        "decl": {
          "start": {
            "line": 58,
            "column": 13
          },
          "end": {
            "line": 58,
            "column": 14
          }
        },
        "loc": {
          "start": {
            "line": 58,
            "column": 36
          },
          "end": {
            "line": 58,
            "column": 45
          }
        },
        "line": 58
      },
      "4": {
        "name": "(anonymous_4)",
        "decl": {
          "start": {
            "line": 130,
            "column": 13
          },
          "end": {
            "line": 130,
            "column": 14
          }
        },
        "loc": {
          "start": {
            "line": 130,
            "column": 36
          },
          "end": {
            "line": 130,
            "column": 41
          }
        },
        "line": 130
      },
      "5": {
        "name": "(anonymous_5)",
        "decl": {
          "start": {
            "line": 140,
            "column": 13
          },
          "end": {
            "line": 140,
            "column": 14
          }
        },
        "loc": {
          "start": {
            "line": 140,
            "column": 36
          },
          "end": {
            "line": 140,
            "column": 40
          }
        },
        "line": 140
      }
    },
    "branchMap": {},
    "s": {
      "0": 6,
      "1": 192,
      "2": 192,
      "3": 192,
      "4": 192,
      "5": 6,
      "6": 6,
      "7": 6,
      "8": 192,
      "9": 192
    },
    "f": {
      "0": 192,
      "1": 192,
      "2": 192,
      "3": 192,
      "4": 192,
      "5": 192
    },
    "b": {},
    "_coverageSchema": "1a1c01bbd47fc00a2c39e90264f33305004495a9",
    "hash": "53d8dcad2d25e6a54925187763d5204a3d804505"
  },
  "C:\\Users\\luizp\\Desktop\\Loja-De-Bolos-Sabor-Brasileiro\\src\\components\\Home\\ExploreOurFlavors\\Cake\\index.tsx": {
    "path": "C:\\Users\\luizp\\Desktop\\Loja-De-Bolos-Sabor-Brasileiro\\src\\components\\Home\\ExploreOurFlavors\\Cake\\index.tsx",
    "statementMap": {
      "0": {
        "start": {
          "line": 61,
          "column": 38
        },
        "end": {
          "line": 122,
          "column": 1
        }
      },
      "1": {
        "start": {
          "line": 62,
          "column": 27
        },
        "end": {
          "line": 62,
          "column": 61
        }
      },
      "2": {
        "start": {
          "line": 63,
          "column": 25
        },
        "end": {
          "line": 63,
          "column": 56
        }
      },
      "3": {
        "start": {
          "line": 64,
          "column": 4
        },
        "end": {
          "line": 64,
          "column": 44
        }
      },
      "4": {
        "start": {
          "line": 65,
          "column": 19
        },
        "end": {
          "line": 65,
          "column": 30
        }
      },
      "5": {
        "start": {
          "line": 66,
          "column": 40
        },
        "end": {
          "line": 66,
          "column": 55
        }
      },
      "6": {
        "start": {
          "line": 67,
          "column": 52
        },
        "end": {
          "line": 67,
          "column": 61
        }
      },
      "7": {
        "start": {
          "line": 68,
          "column": 38
        },
        "end": {
          "line": 68,
          "column": 53
        }
      },
      "8": {
        "start": {
          "line": 70,
          "column": 4
        },
        "end": {
          "line": 72,
          "column": 19
        }
      },
      "9": {
        "start": {
          "line": 71,
          "column": 8
        },
        "end": {
          "line": 71,
          "column": 41
        }
      },
      "10": {
        "start": {
          "line": 75,
          "column": 8
        },
        "end": {
          "line": 77,
          "column": 9
        }
      },
      "11": {
        "start": {
          "line": 76,
          "column": 12
        },
        "end": {
          "line": 76,
          "column": 47
        }
      },
      "12": {
        "start": {
          "line": 78,
          "column": 8
        },
        "end": {
          "line": 78,
          "column": 38
        }
      },
      "13": {
        "start": {
          "line": 81,
          "column": 4
        },
        "end": {
          "line": 121,
          "column": 5
        }
      }
    },
    "fnMap": {
      "0": {
        "name": "(anonymous_0)",
        "decl": {
          "start": {
            "line": 61,
            "column": 38
          },
          "end": {
            "line": 61,
            "column": 39
          }
        },
        "loc": {
          "start": {
            "line": 61,
            "column": 52
          },
          "end": {
            "line": 122,
            "column": 1
          }
        },
        "line": 61
      },
      "1": {
        "name": "(anonymous_1)",
        "decl": {
          "start": {
            "line": 70,
            "column": 14
          },
          "end": {
            "line": 70,
            "column": 15
          }
        },
        "loc": {
          "start": {
            "line": 70,
            "column": 20
          },
          "end": {
            "line": 72,
            "column": 5
          }
        },
        "line": 70
      },
      "2": {
        "name": "handleAddToCart",
        "decl": {
          "start": {
            "line": 74,
            "column": 13
          },
          "end": {
            "line": 74,
            "column": 28
          }
        },
        "loc": {
          "start": {
            "line": 74,
            "column": 31
          },
          "end": {
            "line": 79,
            "column": 5
          }
        },
        "line": 74
      }
    },
    "branchMap": {
      "0": {
        "loc": {
          "start": {
            "line": 75,
            "column": 8
          },
          "end": {
            "line": 77,
            "column": 9
          }
        },
        "type": "if",
        "locations": [
          {
            "start": {
              "line": 75,
              "column": 8
            },
            "end": {
              "line": 77,
              "column": 9
            }
          },
          {
            "start": {
              "line": 75,
              "column": 8
            },
            "end": {
              "line": 77,
              "column": 9
            }
          }
        ],
        "line": 75
      },
      "1": {
        "loc": {
          "start": {
            "line": 116,
            "column": 25
          },
          "end": {
            "line": 116,
            "column": 77
          }
        },
        "type": "cond-expr",
        "locations": [
          {
            "start": {
              "line": 116,
              "column": 37
            },
            "end": {
              "line": 116,
              "column": 51
            }
          },
          {
            "start": {
              "line": 116,
              "column": 54
            },
            "end": {
              "line": 116,
              "column": 77
            }
          }
        ],
        "line": 116
      }
    },
    "s": {
      "0": 6,
      "1": 192,
      "2": 192,
      "3": 192,
      "4": 192,
      "5": 192,
      "6": 192,
      "7": 192,
      "8": 192,
      "9": 36,
      "10": 0,
      "11": 0,
      "12": 0,
      "13": 192
    },
    "f": {
      "0": 192,
      "1": 36,
      "2": 0
    },
    "b": {
      "0": [
        0,
        0
      ],
      "1": [
        0,
        192
      ]
    },
    "_coverageSchema": "1a1c01bbd47fc00a2c39e90264f33305004495a9",
    "hash": "8896f8b0caf4f40b84d7964bbe89030474a190a8"
  },
  "C:\\Users\\luizp\\Desktop\\Loja-De-Bolos-Sabor-Brasileiro\\src\\components\\Home\\ExploreOurFlavors\\styles.ts": {
    "path": "C:\\Users\\luizp\\Desktop\\Loja-De-Bolos-Sabor-Brasileiro\\src\\components\\Home\\ExploreOurFlavors\\styles.ts",
    "statementMap": {
      "0": {
        "start": {
          "line": 4,
          "column": 23
        },
        "end": {
          "line": 18,
          "column": 1
        }
      },
      "1": {
        "start": {
          "line": 11,
          "column": 36
        },
        "end": {
          "line": 11,
          "column": 41
        }
      },
      "2": {
        "start": {
          "line": 15,
          "column": 36
        },
        "end": {
          "line": 15,
          "column": 40
        }
      },
      "3": {
        "start": {
          "line": 20,
          "column": 21
        },
        "end": {
          "line": 58,
          "column": 1
        }
      },
      "4": {
        "start": {
          "line": 47,
          "column": 36
        },
        "end": {
          "line": 47,
          "column": 41
        }
      },
      "5": {
        "start": {
          "line": 53,
          "column": 36
        },
        "end": {
          "line": 53,
          "column": 41
        }
      },
      "6": {
        "start": {
          "line": 60,
          "column": 21
        },
        "end": {
          "line": 83,
          "column": 1
        }
      },
      "7": {
        "start": {
          "line": 67,
          "column": 36
        },
        "end": {
          "line": 67,
          "column": 41
        }
      },
      "8": {
        "start": {
          "line": 71,
          "column": 36
        },
        "end": {
          "line": 71,
          "column": 41
        }
      },
      "9": {
        "start": {
          "line": 75,
          "column": 36
        },
        "end": {
          "line": 75,
          "column": 45
        }
      },
      "10": {
        "start": {
          "line": 79,
          "column": 36
        },
        "end": {
          "line": 79,
          "column": 40
        }
      }
    },
    "fnMap": {
      "0": {
        "name": "(anonymous_0)",
        "decl": {
          "start": {
            "line": 11,
            "column": 13
          },
          "end": {
            "line": 11,
            "column": 14
          }
        },
        "loc": {
          "start": {
            "line": 11,
            "column": 36
          },
          "end": {
            "line": 11,
            "column": 41
          }
        },
        "line": 11
      },
      "1": {
        "name": "(anonymous_1)",
        "decl": {
          "start": {
            "line": 15,
            "column": 13
          },
          "end": {
            "line": 15,
            "column": 14
          }
        },
        "loc": {
          "start": {
            "line": 15,
            "column": 36
          },
          "end": {
            "line": 15,
            "column": 40
          }
        },
        "line": 15
      },
      "2": {
        "name": "(anonymous_2)",
        "decl": {
          "start": {
            "line": 47,
            "column": 13
          },
          "end": {
            "line": 47,
            "column": 14
          }
        },
        "loc": {
          "start": {
            "line": 47,
            "column": 36
          },
          "end": {
            "line": 47,
            "column": 41
          }
        },
        "line": 47
      },
      "3": {
        "name": "(anonymous_3)",
        "decl": {
          "start": {
            "line": 53,
            "column": 13
          },
          "end": {
            "line": 53,
            "column": 14
          }
        },
        "loc": {
          "start": {
            "line": 53,
            "column": 36
          },
          "end": {
            "line": 53,
            "column": 41
          }
        },
        "line": 53
      },
      "4": {
        "name": "(anonymous_4)",
        "decl": {
          "start": {
            "line": 67,
            "column": 13
          },
          "end": {
            "line": 67,
            "column": 14
          }
        },
        "loc": {
          "start": {
            "line": 67,
            "column": 36
          },
          "end": {
            "line": 67,
            "column": 41
          }
        },
        "line": 67
      },
      "5": {
        "name": "(anonymous_5)",
        "decl": {
          "start": {
            "line": 71,
            "column": 13
          },
          "end": {
            "line": 71,
            "column": 14
          }
        },
        "loc": {
          "start": {
            "line": 71,
            "column": 36
          },
          "end": {
            "line": 71,
            "column": 41
          }
        },
        "line": 71
      },
      "6": {
        "name": "(anonymous_6)",
        "decl": {
          "start": {
            "line": 75,
            "column": 13
          },
          "end": {
            "line": 75,
            "column": 14
          }
        },
        "loc": {
          "start": {
            "line": 75,
            "column": 36
          },
          "end": {
            "line": 75,
            "column": 45
          }
        },
        "line": 75
      },
      "7": {
        "name": "(anonymous_7)",
        "decl": {
          "start": {
            "line": 79,
            "column": 13
          },
          "end": {
            "line": 79,
            "column": 14
          }
        },
        "loc": {
          "start": {
            "line": 79,
            "column": 36
          },
          "end": {
            "line": 79,
            "column": 40
          }
        },
        "line": 79
      }
    },
    "branchMap": {},
    "s": {
      "0": 6,
      "1": 38,
      "2": 38,
      "3": 6,
      "4": 38,
      "5": 38,
      "6": 6,
      "7": 38,
      "8": 38,
      "9": 38,
      "10": 38
    },
    "f": {
      "0": 38,
      "1": 38,
      "2": 38,
      "3": 38,
      "4": 38,
      "5": 38,
      "6": 38,
      "7": 38
    },
    "b": {},
    "_coverageSchema": "1a1c01bbd47fc00a2c39e90264f33305004495a9",
    "hash": "e922c5fedbb208f15ef61a38e51d1ecaa335d19e"
  },
  "C:\\Users\\luizp\\Desktop\\Loja-De-Bolos-Sabor-Brasileiro\\src\\components\\Home\\ExploreOurFlavors\\index.tsx": {
    "path": "C:\\Users\\luizp\\Desktop\\Loja-De-Bolos-Sabor-Brasileiro\\src\\components\\Home\\ExploreOurFlavors\\index.tsx",
    "statementMap": {
      "0": {
        "start": {
          "line": 8,
          "column": 36
        },
        "end": {
          "line": 33,
          "column": 1
        }
      },
      "1": {
        "start": {
          "line": 9,
          "column": 22
        },
        "end": {
          "line": 9,
          "column": 32
        }
      },
      "2": {
        "start": {
          "line": 11,
          "column": 4
        },
        "end": {
          "line": 32,
          "column": 5
        }
      },
      "3": {
        "start": {
          "line": 28,
          "column": 20
        },
        "end": {
          "line": 28,
          "column": 58
        }
      }
    },
    "fnMap": {
      "0": {
        "name": "(anonymous_0)",
        "decl": {
          "start": {
            "line": 8,
            "column": 36
          },
          "end": {
            "line": 8,
            "column": 37
          }
        },
        "loc": {
          "start": {
            "line": 8,
            "column": 42
          },
          "end": {
            "line": 33,
            "column": 1
          }
        },
        "line": 8
      },
      "1": {
        "name": "(anonymous_1)",
        "decl": {
          "start": {
            "line": 27,
            "column": 28
          },
          "end": {
            "line": 27,
            "column": 29
          }
        },
        "loc": {
          "start": {
            "line": 28,
            "column": 20
          },
          "end": {
            "line": 28,
            "column": 58
          }
        },
        "line": 28
      }
    },
    "branchMap": {},
    "s": {
      "0": 6,
      "1": 38,
      "2": 38,
      "3": 156
    },
    "f": {
      "0": 38,
      "1": 156
    },
    "b": {},
    "_coverageSchema": "1a1c01bbd47fc00a2c39e90264f33305004495a9",
    "hash": "3533c6c186e8e2b6db5c8b942d6f7d1e6668f2aa"
  },
  "C:\\Users\\luizp\\Desktop\\Loja-De-Bolos-Sabor-Brasileiro\\src\\components\\Home\\SeeDelivery\\Map\\styles.ts": {
    "path": "C:\\Users\\luizp\\Desktop\\Loja-De-Bolos-Sabor-Brasileiro\\src\\components\\Home\\SeeDelivery\\Map\\styles.ts",
    "statementMap": {
      "0": {
        "start": {
          "line": 5,
          "column": 25
        },
        "end": {
          "line": 8,
          "column": 1
        }
      },
      "1": {
        "start": {
          "line": 10,
          "column": 23
        },
        "end": {
          "line": 17,
          "column": 1
        }
      },
      "2": {
        "start": {
          "line": 19,
          "column": 27
        },
        "end": {
          "line": 52,
          "column": 1
        }
      }
    },
    "fnMap": {},
    "branchMap": {},
    "s": {
      "0": 6,
      "1": 6,
      "2": 6
    },
    "f": {},
    "b": {},
    "_coverageSchema": "1a1c01bbd47fc00a2c39e90264f33305004495a9",
    "hash": "26ce109f27369bdecf28a5233b6361b4bc44f849"
  },
  "C:\\Users\\luizp\\Desktop\\Loja-De-Bolos-Sabor-Brasileiro\\src\\components\\Home\\SeeDelivery\\Map\\index.tsx": {
    "path": "C:\\Users\\luizp\\Desktop\\Loja-De-Bolos-Sabor-Brasileiro\\src\\components\\Home\\SeeDelivery\\Map\\index.tsx",
    "statementMap": {
      "0": {
        "start": {
          "line": 8,
          "column": 12
        },
        "end": {
          "line": 65,
          "column": 1
        }
      },
      "1": {
        "start": {
          "line": 9,
          "column": 36
        },
        "end": {
          "line": 15,
          "column": 6
        }
      },
      "2": {
        "start": {
          "line": 16,
          "column": 27
        },
        "end": {
          "line": 16,
          "column": 58
        }
      },
      "3": {
        "start": {
          "line": 18,
          "column": 4
        },
        "end": {
          "line": 18,
          "column": 46
        }
      },
      "4": {
        "start": {
          "line": 20,
          "column": 4
        },
        "end": {
          "line": 64,
          "column": 5
        }
      },
      "5": {
        "start": {
          "line": 34,
          "column": 54
        },
        "end": {
          "line": 34,
          "column": 79
        }
      }
    },
    "fnMap": {
      "0": {
        "name": "(anonymous_0)",
        "decl": {
          "start": {
            "line": 8,
            "column": 12
          },
          "end": {
            "line": 8,
            "column": 13
          }
        },
        "loc": {
          "start": {
            "line": 8,
            "column": 18
          },
          "end": {
            "line": 65,
            "column": 1
          }
        },
        "line": 8
      },
      "1": {
        "name": "(anonymous_1)",
        "decl": {
          "start": {
            "line": 34,
            "column": 38
          },
          "end": {
            "line": 34,
            "column": 39
          }
        },
        "loc": {
          "start": {
            "line": 34,
            "column": 54
          },
          "end": {
            "line": 34,
            "column": 79
          }
        },
        "line": 34
      }
    },
    "branchMap": {},
    "s": {
      "0": 6,
      "1": 47,
      "2": 47,
      "3": 47,
      "4": 47,
      "5": 9
    },
    "f": {
      "0": 47,
      "1": 9
    },
    "b": {},
    "_coverageSchema": "1a1c01bbd47fc00a2c39e90264f33305004495a9",
    "hash": "e3dae2a3fe9d32a76c3ba06eb59de80c5c007ed0"
  }
}